<?xml version="1.0" encoding="UTF-8"?>
<testsuite xmlns:xsi="http://www.w3.org/2001/XMLSchema-instance" xsi:noNamespaceSchemaLocation="https://maven.apache.org/surefire/maven-surefire-plugin/xsd/surefire-test-report.xsd" version="3.0.2" name="com.backEndJavaSpring.Chatop_app.ChatopAppApplicationTests" time="24.687" tests="1" errors="0" skipped="0" failures="0">
  <properties>
[...]
</properties>
  <testcase name="contextLoads" classname="com.backEndJavaSpring.Chatop_app.ChatopAppApplicationTests" time="2.357">
    <system-out><![CDATA[Standard Commons Logging discovery in action with spring-jcl: please remove commons-logging.jar from classpath in order to avoid potential conflicts
10:00:51.372 [main] INFO org.springframework.test.context.support.AnnotationConfigContextLoaderUtils -- Could not detect default configuration classes for test class [com.backEndJavaSpring.Chatop_app.ChatopAppApplicationTests]: ChatopAppApplicationTests does not declare any static, non-private, non-final, nested classes annotated with @Configuration.
10:00:51.606 [main] INFO org.springframework.boot.test.context.SpringBootTestContextBootstrapper -- Found @SpringBootConfiguration com.backEndJavaSpring.Chatop_app.ChatopAppApplication for test class com.backEndJavaSpring.Chatop_app.ChatopAppApplicationTests
10:00:52.267 [main] INFO org.springframework.boot.devtools.restart.RestartApplicationListener -- Restart disabled due to context in which it is running

  .   ____          _            __ _ _
 /\\ / ___'_ __ _ _(_)_ __  __ _ \ \ \ \
( ( )\___ | '_ | '_| | '_ \/ _` | \ \ \ \
 \\/  ___)| |_)| | | | | || (_| |  ) ) ) )
  '  |____| .__|_| |_|_| |_\__, | / / / /
 =========|_|==============|___/=/_/_/_/

 :: Spring Boot ::                (v3.4.0)

2025-02-17T10:00:54.510+01:00  INFO 13540 --- [Chatop-app] [           main] c.b.C.ChatopAppApplicationTests          : Starting ChatopAppApplicationTests using Java 17.0.7 with PID 13540 (started by Samira in D:\Angular10\OC\Projet3\Chatop-app)
2025-02-17T10:00:54.513+01:00  INFO 13540 --- [Chatop-app] [           main] c.b.C.ChatopAppApplicationTests          : No active profile set, falling back to 1 default profile: "default"
2025-02-17T10:01:00.323+01:00  INFO 13540 --- [Chatop-app] [           main] .s.d.r.c.RepositoryConfigurationDelegate : Bootstrapping Spring Data JPA repositories in DEFAULT mode.
2025-02-17T10:01:00.542+01:00  INFO 13540 --- [Chatop-app] [           main] .s.d.r.c.RepositoryConfigurationDelegate : Finished Spring Data repository scanning in 185 ms. Found 3 JPA repository interfaces.
2025-02-17T10:01:01.794+01:00  INFO 13540 --- [Chatop-app] [           main] o.hibernate.jpa.internal.util.LogHelper  : HHH000204: Processing PersistenceUnitInfo [name: default]
2025-02-17T10:01:01.992+01:00  INFO 13540 --- [Chatop-app] [           main] org.hibernate.Version                    : HHH000412: Hibernate ORM core version 6.6.2.Final
2025-02-17T10:01:02.109+01:00  INFO 13540 --- [Chatop-app] [           main] o.h.c.internal.RegionFactoryInitiator    : HHH000026: Second-level cache disabled
2025-02-17T10:01:03.065+01:00  INFO 13540 --- [Chatop-app] [           main] o.s.o.j.p.SpringPersistenceUnitInfo      : No LoadTimeWeaver setup: ignoring JPA class transformer
2025-02-17T10:01:03.148+01:00  INFO 13540 --- [Chatop-app] [           main] com.zaxxer.hikari.HikariDataSource       : HikariPool-1 - Starting...
2025-02-17T10:01:03.557+01:00  INFO 13540 --- [Chatop-app] [           main] com.zaxxer.hikari.pool.HikariPool        : HikariPool-1 - Added connection com.mysql.cj.jdbc.ConnectionImpl@4ca970d5
2025-02-17T10:01:03.562+01:00  INFO 13540 --- [Chatop-app] [           main] com.zaxxer.hikari.HikariDataSource       : HikariPool-1 - Start completed.
2025-02-17T10:01:03.683+01:00  WARN 13540 --- [Chatop-app] [           main] org.hibernate.dialect.Dialect            : HHH000511: The 5.5.5 version for [org.hibernate.dialect.MySQLDialect] is no longer supported, hence certain features may not work properly. The minimum supported version is 8.0.0. Check the community dialects project for available legacy versions.
2025-02-17T10:01:03.753+01:00  INFO 13540 --- [Chatop-app] [           main] org.hibernate.orm.connections.pooling    : HHH10001005: Database info:
	Database JDBC URL [Connecting through datasource 'HikariDataSource (HikariPool-1)']
	Database driver: undefined/unknown
	Database version: 5.5.5
	Autocommit mode: undefined/unknown
	Isolation level: undefined/unknown
	Minimum pool size: undefined/unknown
	Maximum pool size: undefined/unknown
2025-02-17T10:01:06.058+01:00  INFO 13540 --- [Chatop-app] [           main] o.h.e.t.j.p.i.JtaPlatformInitiator       : HHH000489: No JTA platform available (set 'hibernate.transaction.jta.platform' to enable JTA platform integration)
2025-02-17T10:01:06.319+01:00  INFO 13540 --- [Chatop-app] [           main] j.LocalContainerEntityManagerFactoryBean : Initialized JPA EntityManagerFactory for persistence unit 'default'
2025-02-17T10:01:07.728+01:00  WARN 13540 --- [Chatop-app] [           main] JpaBaseConfiguration$JpaWebConfiguration : spring.jpa.open-in-view is enabled by default. Therefore, database queries may be performed during view rendering. Explicitly configure spring.jpa.open-in-view to disable this warning
2025-02-17T10:01:07.777+01:00  INFO 13540 --- [Chatop-app] [           main] eAuthenticationProviderManagerConfigurer : Global AuthenticationManager configured with AuthenticationProvider bean with name authenticationProvider
2025-02-17T10:01:07.778+01:00  WARN 13540 --- [Chatop-app] [           main] r$InitializeUserDetailsManagerConfigurer : Global AuthenticationManager configured with an AuthenticationProvider bean. UserDetailsService beans will not be used by Spring Security for automatically configuring username/password login. Consider removing the AuthenticationProvider bean. Alternatively, consider using the UserDetailsService in a manually instantiated DaoAuthenticationProvider. If the current configuration is intentional, to turn off this warning, increase the logging level of 'org.springframework.security.config.annotation.authentication.configuration.InitializeUserDetailsBeanManagerConfigurer' to ERROR
2025-02-17T10:01:09.875+01:00 DEBUG 13540 --- [Chatop-app] [           main] o.s.s.web.DefaultSecurityFilterChain     : Will secure any request with filters: DisableEncodeUrlFilter, WebAsyncManagerIntegrationFilter, SecurityContextHolderFilter, HeaderWriterFilter, LogoutFilter, JwtAuthenticationFilter, RequestCacheAwareFilter, SecurityContextHolderAwareRequestFilter, AnonymousAuthenticationFilter, SessionManagementFilter, ExceptionTranslationFilter, AuthorizationFilter
2025-02-17T10:01:13.113+01:00  INFO 13540 --- [Chatop-app] [           main] c.b.C.ChatopAppApplicationTests          : Started ChatopAppApplicationTests in 20.889 seconds (process running for 23.462)
]]></system-out>
  </testcase>
</testsuite>